生成启动时间为 2019/1/11 16:36:39。
     1>项目“F:\c语言\培训\排序\排序\排序.vcxproj”在节点 2 上(Build 个目标)。
     1>ClCompile:
         F:\Program Files (x86)\Microsoft Visual Studio 12.0\VC\bin\CL.exe /c /Zi /nologo /W3 /WX- /sdl /O2 /Oi /Oy- /GL /D _UNICODE /D UNICODE /Gm- /EHsc /MD /GS /Gy /fp:precise /Zc:wchar_t /Zc:forScope /Fo"Release\\" /Fd"Release\vc120.pdb" /Gd /TC /analyze- /errorReport:prompt sort.c test.c
         sort.c
         test.c
       Link:
         F:\Program Files (x86)\Microsoft Visual Studio 12.0\VC\bin\link.exe /ERRORREPORT:PROMPT /OUT:"F:\c语言\培训\排序\Release\排序.exe" /NOLOGO kernel32.lib user32.lib gdi32.lib winspool.lib comdlg32.lib advapi32.lib shell32.lib ole32.lib oleaut32.lib uuid.lib odbc32.lib odbccp32.lib /MANIFEST /MANIFESTUAC:"level='asInvoker' uiAccess='false'" /manifest:embed /DEBUG /PDB:"F:\c语言\培训\排序\Release\排序.pdb" /OPT:REF /OPT:ICF /LTCG /TLBID:1 /DYNAMICBASE /NXCOMPAT /IMPLIB:"F:\c语言\培训\排序\Release\排序.lib" /MACHINE:X86 /SAFESEH Release\sort.obj
         Release\test.obj
     1>test.obj : error LNK2005: _StackSize 已经在 sort.obj 中定义
     1>test.obj : error LNK2005: _StackEmpty 已经在 sort.obj 中定义
     1>test.obj : error LNK2005: _StackTop 已经在 sort.obj 中定义
     1>test.obj : error LNK2005: _StackPop 已经在 sort.obj 中定义
     1>test.obj : error LNK2005: _StackPush 已经在 sort.obj 中定义
     1>test.obj : error LNK2005: _StackDestory 已经在 sort.obj 中定义
     1>test.obj : error LNK2005: _StackInit 已经在 sort.obj 中定义
     1>F:\c语言\培训\排序\Release\排序.exe : fatal error LNK1169: 找到一个或多个多重定义的符号
     1>已完成生成项目“F:\c语言\培训\排序\排序\排序.vcxproj”(Build 个目标)的操作 - 失败。

生成失败。

已用时间 00:00:00.79
